============================================
 System Health Report for tyr4
 Generated on: Wed Jul  2 10:50:38 AM CEST 2025
============================================

Disk Usage:
Filesystem           Size       Used       Avail      Use%   Mounted on
tmpfs           3,2G   11M  3,2G   1% /run
efivarfs        384K  259K  121K  69% /sys/firmware/efi/efivars
/dev/sda7        66G   21G   42G  34% /
tmpfs            16G   70M   16G   1% /dev/shm
tmpfs           5,0M  8,0K  5,0M   1% /run/lock
tmpfs            16G     0   16G   0% /run/qemu
/dev/sda10      164G   74G   81G  48% /home
/dev/sda1       496M   64M  433M  13% /boot/efi
overlay          66G   21G   42G  34% /var/lib/docker/overlay2/d7192a2a0645ea205fdfab77b3753d0d985a3a1a1f6ca4a5236c2584a7bff328/merged
overlay          66G   21G   42G  34% /var/lib/docker/overlay2/53410cbb19b52ce9a7302ece0cb3ad5fa9a63e568980dc8611be10c2493ce945/merged
overlay          66G   21G   42G  34% /var/lib/docker/overlay2/e76e74976a9231d4a5ef04b3c598d9f46412b55ed82d7eeb23dda498c30ab913/merged
tmpfs           3,2G  192K  3,2G   1% /run/user/1000

CPU Load (1/5/15 min average):
   0,05, 0,05, 0,06

Memory Usage:
  total      used       free       shared     buff/cache available 
  Mem:       31Gi       3,4Gi      25Gi       355Mi      3,5Gi     
  Swap:      4,9Gi      0B         4,9Gi                           

Failed Systemd Services:
  ● casper-md5check.service loaded failed failed casper-md5check Verify Live ISO checksums

Top 5 Memory Consuming Processes:
  USER       PID    %CPU   %MEM   COMMAND
  rancyyd    118876 0.0    1.3    /opt/google/chrome/chrome --type=renderer --crashpad-handler
  rancyyd    116607 0.5    1.2    /opt/google/chrome/chrome
  rancyyd    120922 0.0    0.9    /opt/google/chrome/chrome --type=renderer --crashpad-handler
  rancyyd    116383 0.4    0.9    evolution -c current
  rancyyd    120931 0.0    0.6    /opt/google/chrome/chrome --type=renderer --crashpad-handler

Top 5 CPU Consuming Processes:
  USER       PID    %CPU   %MEM   COMMAND
  root       1249   2.6    0.0    /usr/sbin/preload -s /var/lib/preload/preload.state
  rancyyd    116607 0.5    1.2    /opt/google/chrome/chrome
  root       4843   0.5    0.3    /usr/lib/xorg/Xorg -core :0 -seat seat0 -auth /var/run/light
  rancyyd    116086 0.4    0.1    mintreport-tray
  rancyyd    116383 0.4    0.9    evolution -c current

System Uptime:
  up 3 hours, 28 minutes

Available Package Updates:
  google-chrome-stable/stable 138.0.7204.92-1 amd64 [upgradable from: 138.0.7204.49-1]
  ubuntu-drivers-common/noble-updates 1:0.9.7.6ubuntu3.2 amd64 [upgradable from: 1:0.9.7.6ubuntu3.1]

End of Report
